<?xml version="1.0" encoding="UTF-8"?>
<!-- Generated by org.testng.reporters.JUnitReportReporter -->
<testsuite hostname="TYSS-Shobha" failures="0" tests="1" name="Pratice.Demo" time="0.006" errors="0" timestamp="2023-03-30T05:31:28 IST" skipped="0">
  <testcase classname="Pratice.Demo" name="method" time="0.006"/>
  <system-out/>
</testsuite> <!-- Pratice.Demo -->
